face-auth-system/android_app/app/build/intermediates/manifest_merge_blame_file/debug/manifest-merger-blame-debug-report.txt
1<?xml version="1.0" encoding="utf-8"?>
2<manifest xmlns:android="http://schemas.android.com/apk/res/android"
3    package="com.faceauth.app"
4    android:versionCode="1"
5    android:versionName="1.0" >
6
7    <uses-sdk
8        android:minSdkVersion="24"
9        android:targetSdkVersion="34" />
10
11    <!-- Camera for face detection -->
12    <uses-permission android:name="android.permission.CAMERA" />
12-->src/main/AndroidManifest.xml:5:5-64
12-->src/main/AndroidManifest.xml:5:22-62
13
14    <uses-feature
14-->src/main/AndroidManifest.xml:6:5-83
15        android:name="android.hardware.camera"
15-->src/main/AndroidManifest.xml:6:19-57
16        android:required="true" />
16-->src/main/AndroidManifest.xml:6:58-81
17
18    <!-- Internet required to fetch encryption payload from payload server -->
19    <uses-permission android:name="android.permission.INTERNET" />
19-->src/main/AndroidManifest.xml:9:5-66
19-->src/main/AndroidManifest.xml:9:22-64
20
21    <permission
21-->[androidx.core:core:1.12.0] AndroidManifest.xml:22:5-24:47
22        android:name="com.faceauth.app.DYNAMIC_RECEIVER_NOT_EXPORTED_PERMISSION"
22-->[androidx.core:core:1.12.0] AndroidManifest.xml:23:9-81
23        android:protectionLevel="signature" />
23-->[androidx.core:core:1.12.0] AndroidManifest.xml:24:9-44
24
25    <uses-permission android:name="com.faceauth.app.DYNAMIC_RECEIVER_NOT_EXPORTED_PERMISSION" /> <!-- Although the *SdkVersion is captured in gradle build files, this is required for non gradle builds -->
25-->[androidx.core:core:1.12.0] AndroidManifest.xml:26:5-97
25-->[androidx.core:core:1.12.0] AndroidManifest.xml:26:22-94
26    <!-- <uses-sdk android:minSdkVersion="14"/> -->
27    <uses-permission android:name="android.permission.ACCESS_NETWORK_STATE" />
27-->[com.google.android.datatransport:transport-backend-cct:2.3.3] AndroidManifest.xml:25:5-79
27-->[com.google.android.datatransport:transport-backend-cct:2.3.3] AndroidManifest.xml:25:22-76
28
29    <application
29-->src/main/AndroidManifest.xml:11:5-41:19
30        android:allowBackup="true"
30-->src/main/AndroidManifest.xml:12:9-35
31        android:appComponentFactory="androidx.core.app.CoreComponentFactory"
31-->[androidx.core:core:1.12.0] AndroidManifest.xml:28:18-86
32        android:debuggable="true"
33        android:extractNativeLibs="false"
34        android:icon="@mipmap/ic_launcher"
34-->src/main/AndroidManifest.xml:13:9-43
35        android:label="@string/app_name"
35-->src/main/AndroidManifest.xml:14:9-41
36        android:networkSecurityConfig="@xml/network_security_config"
36-->src/main/AndroidManifest.xml:18:9-69
37        android:roundIcon="@mipmap/ic_launcher_round"
37-->src/main/AndroidManifest.xml:15:9-54
38        android:supportsRtl="true"
38-->src/main/AndroidManifest.xml:16:9-35
39        android:testOnly="true"
40        android:theme="@style/Theme.FaceAuth" >
40-->src/main/AndroidManifest.xml:17:9-46
41        <activity
41-->src/main/AndroidManifest.xml:20:9-27:20
42            android:name="com.faceauth.app.MainActivity"
42-->src/main/AndroidManifest.xml:21:13-41
43            android:exported="true" >
43-->src/main/AndroidManifest.xml:22:13-36
44            <intent-filter>
44-->src/main/AndroidManifest.xml:23:13-26:29
45                <action android:name="android.intent.action.MAIN" />
45-->src/main/AndroidManifest.xml:24:17-68
45-->src/main/AndroidManifest.xml:24:25-66
46
47                <category android:name="android.intent.category.LAUNCHER" />
47-->src/main/AndroidManifest.xml:25:17-76
47-->src/main/AndroidManifest.xml:25:27-74
48            </intent-filter>
49        </activity>
50        <activity
50-->src/main/AndroidManifest.xml:29:9-31:39
51            android:name="com.faceauth.app.CameraActivity"
51-->src/main/AndroidManifest.xml:29:19-49
52            android:exported="false"
52-->src/main/AndroidManifest.xml:31:13-37
53            android:screenOrientation="portrait" />
53-->src/main/AndroidManifest.xml:30:13-49
54        <activity
54-->src/main/AndroidManifest.xml:33:9-35:39
55            android:name="com.faceauth.app.AuthSuccessActivity"
55-->src/main/AndroidManifest.xml:33:19-54
56            android:exported="false"
56-->src/main/AndroidManifest.xml:35:13-37
57            android:screenOrientation="portrait" />
57-->src/main/AndroidManifest.xml:34:13-49
58        <activity
58-->src/main/AndroidManifest.xml:37:9-39:39
59            android:name="com.faceauth.app.AuthFailActivity"
59-->src/main/AndroidManifest.xml:37:19-51
60            android:exported="false"
60-->src/main/AndroidManifest.xml:39:13-37
61            android:screenOrientation="portrait" />
61-->src/main/AndroidManifest.xml:38:13-49
62
63        <service
63-->[androidx.camera:camera-camera2:1.3.1] AndroidManifest.xml:24:9-33:19
64            android:name="androidx.camera.core.impl.MetadataHolderService"
64-->[androidx.camera:camera-camera2:1.3.1] AndroidManifest.xml:25:13-75
65            android:enabled="false"
65-->[androidx.camera:camera-camera2:1.3.1] AndroidManifest.xml:26:13-36
66            android:exported="false" >
66-->[androidx.camera:camera-camera2:1.3.1] AndroidManifest.xml:27:13-37
67            <meta-data
67-->[androidx.camera:camera-camera2:1.3.1] AndroidManifest.xml:30:13-32:89
68                android:name="androidx.camera.core.impl.MetadataHolderService.DEFAULT_CONFIG_PROVIDER"
68-->[androidx.camera:camera-camera2:1.3.1] AndroidManifest.xml:31:17-103
69                android:value="androidx.camera.camera2.Camera2Config$DefaultProvider" />
69-->[androidx.camera:camera-camera2:1.3.1] AndroidManifest.xml:32:17-86
70        </service>
71
72        <provider
72-->[androidx.emoji2:emoji2:1.2.0] AndroidManifest.xml:24:9-32:20
73            android:name="androidx.startup.InitializationProvider"
73-->[androidx.emoji2:emoji2:1.2.0] AndroidManifest.xml:25:13-67
74            android:authorities="com.faceauth.app.androidx-startup"
74-->[androidx.emoji2:emoji2:1.2.0] AndroidManifest.xml:26:13-68
75            android:exported="false" >
75-->[androidx.emoji2:emoji2:1.2.0] AndroidManifest.xml:27:13-37
76            <meta-data
76-->[androidx.emoji2:emoji2:1.2.0] AndroidManifest.xml:29:13-31:52
77                android:name="androidx.emoji2.text.EmojiCompatInitializer"
77-->[androidx.emoji2:emoji2:1.2.0] AndroidManifest.xml:30:17-75
78                android:value="androidx.startup" />
78-->[androidx.emoji2:emoji2:1.2.0] AndroidManifest.xml:31:17-49
79            <meta-data
79-->[androidx.lifecycle:lifecycle-process:2.6.1] AndroidManifest.xml:29:13-31:52
80                android:name="androidx.lifecycle.ProcessLifecycleInitializer"
80-->[androidx.lifecycle:lifecycle-process:2.6.1] AndroidManifest.xml:30:17-78
81                android:value="androidx.startup" />
81-->[androidx.lifecycle:lifecycle-process:2.6.1] AndroidManifest.xml:31:17-49
82            <meta-data
82-->[androidx.profileinstaller:profileinstaller:1.3.0] AndroidManifest.xml:29:13-31:52
83                android:name="androidx.profileinstaller.ProfileInstallerInitializer"
83-->[androidx.profileinstaller:profileinstaller:1.3.0] AndroidManifest.xml:30:17-85
84                android:value="androidx.startup" />
84-->[androidx.profileinstaller:profileinstaller:1.3.0] AndroidManifest.xml:31:17-49
85        </provider>
86
87        <service
87-->[com.google.android.gms:play-services-mlkit-face-detection:17.0.1] AndroidManifest.xml:9:9-15:19
88            android:name="com.google.mlkit.common.internal.MlKitComponentDiscoveryService"
88-->[com.google.android.gms:play-services-mlkit-face-detection:17.0.1] AndroidManifest.xml:10:13-91
89            android:directBootAware="true"
89-->[com.google.mlkit:common:18.1.0] AndroidManifest.xml:17:13-43
90            android:exported="false" >
90-->[com.google.android.gms:play-services-mlkit-face-detection:17.0.1] AndroidManifest.xml:11:13-37
91            <meta-data
91-->[com.google.android.gms:play-services-mlkit-face-detection:17.0.1] AndroidManifest.xml:12:13-14:85
92                android:name="com.google.firebase.components:com.google.mlkit.vision.face.internal.FaceRegistrar"
92-->[com.google.android.gms:play-services-mlkit-face-detection:17.0.1] AndroidManifest.xml:13:17-114
93                android:value="com.google.firebase.components.ComponentRegistrar" />
93-->[com.google.android.gms:play-services-mlkit-face-detection:17.0.1] AndroidManifest.xml:14:17-82
94            <meta-data
94-->[com.google.mlkit:vision-common:17.1.0] AndroidManifest.xml:12:13-14:85
95                android:name="com.google.firebase.components:com.google.mlkit.vision.common.internal.VisionCommonRegistrar"
95-->[com.google.mlkit:vision-common:17.1.0] AndroidManifest.xml:13:17-124
96                android:value="com.google.firebase.components.ComponentRegistrar" />
96-->[com.google.mlkit:vision-common:17.1.0] AndroidManifest.xml:14:17-82
97            <meta-data
97-->[com.google.mlkit:common:18.1.0] AndroidManifest.xml:20:13-22:85
98                android:name="com.google.firebase.components:com.google.mlkit.common.internal.CommonComponentRegistrar"
98-->[com.google.mlkit:common:18.1.0] AndroidManifest.xml:21:17-120
99                android:value="com.google.firebase.components.ComponentRegistrar" />
99-->[com.google.mlkit:common:18.1.0] AndroidManifest.xml:22:17-82
100        </service>
101
102        <provider
102-->[com.google.mlkit:common:18.1.0] AndroidManifest.xml:9:9-13:38
103            android:name="com.google.mlkit.common.internal.MlKitInitProvider"
103-->[com.google.mlkit:common:18.1.0] AndroidManifest.xml:10:13-78
104            android:authorities="com.faceauth.app.mlkitinitprovider"
104-->[com.google.mlkit:common:18.1.0] AndroidManifest.xml:11:13-69
105            android:exported="false"
105-->[com.google.mlkit:common:18.1.0] AndroidManifest.xml:12:13-37
106            android:initOrder="99" />
106-->[com.google.mlkit:common:18.1.0] AndroidManifest.xml:13:13-35
107
108        <activity
108-->[com.google.android.gms:play-services-base:18.0.1] AndroidManifest.xml:20:9-22:45
109            android:name="com.google.android.gms.common.api.GoogleApiActivity"
109-->[com.google.android.gms:play-services-base:18.0.1] AndroidManifest.xml:20:19-85
110            android:exported="false"
110-->[com.google.android.gms:play-services-base:18.0.1] AndroidManifest.xml:22:19-43
111            android:theme="@android:style/Theme.Translucent.NoTitleBar" />
111-->[com.google.android.gms:play-services-base:18.0.1] AndroidManifest.xml:21:19-78
112
113        <meta-data
113-->[com.google.android.gms:play-services-basement:18.0.0] AndroidManifest.xml:21:9-23:69
114            android:name="com.google.android.gms.version"
114-->[com.google.android.gms:play-services-basement:18.0.0] AndroidManifest.xml:22:13-58
115            android:value="@integer/google_play_services_version" />
115-->[com.google.android.gms:play-services-basement:18.0.0] AndroidManifest.xml:23:13-66
116
117        <service
117-->[com.google.android.datatransport:transport-backend-cct:2.3.3] AndroidManifest.xml:29:9-35:19
118            android:name="com.google.android.datatransport.runtime.backends.TransportBackendDiscovery"
118-->[com.google.android.datatransport:transport-backend-cct:2.3.3] AndroidManifest.xml:30:13-103
119            android:exported="false" >
119-->[com.google.android.datatransport:transport-backend-cct:2.3.3] AndroidManifest.xml:31:13-37
120            <meta-data
120-->[com.google.android.datatransport:transport-backend-cct:2.3.3] AndroidManifest.xml:32:13-34:39
121                android:name="backend:com.google.android.datatransport.cct.CctBackendFactory"
121-->[com.google.android.datatransport:transport-backend-cct:2.3.3] AndroidManifest.xml:33:17-94
122                android:value="cct" />
122-->[com.google.android.datatransport:transport-backend-cct:2.3.3] AndroidManifest.xml:34:17-36
123        </service>
124        <service
124-->[com.google.android.datatransport:transport-runtime:2.2.6] AndroidManifest.xml:26:9-30:19
125            android:name="com.google.android.datatransport.runtime.scheduling.jobscheduling.JobInfoSchedulerService"
125-->[com.google.android.datatransport:transport-runtime:2.2.6] AndroidManifest.xml:27:13-117
126            android:exported="false"
126-->[com.google.android.datatransport:transport-runtime:2.2.6] AndroidManifest.xml:28:13-37
127            android:permission="android.permission.BIND_JOB_SERVICE" >
127-->[com.google.android.datatransport:transport-runtime:2.2.6] AndroidManifest.xml:29:13-69
128        </service>
129
130        <receiver
130-->[com.google.android.datatransport:transport-runtime:2.2.6] AndroidManifest.xml:32:9-34:40
131            android:name="com.google.android.datatransport.runtime.scheduling.jobscheduling.AlarmManagerSchedulerBroadcastReceiver"
131-->[com.google.android.datatransport:transport-runtime:2.2.6] AndroidManifest.xml:33:13-132
132            android:exported="false" />
132-->[com.google.android.datatransport:transport-runtime:2.2.6] AndroidManifest.xml:34:13-37
133        <receiver
133-->[androidx.profileinstaller:profileinstaller:1.3.0] AndroidManifest.xml:34:9-52:20
134            android:name="androidx.profileinstaller.ProfileInstallReceiver"
134-->[androidx.profileinstaller:profileinstaller:1.3.0] AndroidManifest.xml:35:13-76
135            android:directBootAware="false"
135-->[androidx.profileinstaller:profileinstaller:1.3.0] AndroidManifest.xml:36:13-44
136            android:enabled="true"
136-->[androidx.profileinstaller:profileinstaller:1.3.0] AndroidManifest.xml:37:13-35
137            android:exported="true"
137-->[androidx.profileinstaller:profileinstaller:1.3.0] AndroidManifest.xml:38:13-36
138            android:permission="android.permission.DUMP" >
138-->[androidx.profileinstaller:profileinstaller:1.3.0] AndroidManifest.xml:39:13-57
139            <intent-filter>
139-->[androidx.profileinstaller:profileinstaller:1.3.0] AndroidManifest.xml:40:13-42:29
140                <action android:name="androidx.profileinstaller.action.INSTALL_PROFILE" />
140-->[androidx.profileinstaller:profileinstaller:1.3.0] AndroidManifest.xml:41:17-91
140-->[androidx.profileinstaller:profileinstaller:1.3.0] AndroidManifest.xml:41:25-88
141            </intent-filter>
142            <intent-filter>
142-->[androidx.profileinstaller:profileinstaller:1.3.0] AndroidManifest.xml:43:13-45:29
143                <action android:name="androidx.profileinstaller.action.SKIP_FILE" />
143-->[androidx.profileinstaller:profileinstaller:1.3.0] AndroidManifest.xml:44:17-85
143-->[androidx.profileinstaller:profileinstaller:1.3.0] AndroidManifest.xml:44:25-82
144            </intent-filter>
145            <intent-filter>
145-->[androidx.profileinstaller:profileinstaller:1.3.0] AndroidManifest.xml:46:13-48:29
146                <action android:name="androidx.profileinstaller.action.SAVE_PROFILE" />
146-->[androidx.profileinstaller:profileinstaller:1.3.0] AndroidManifest.xml:47:17-88
146-->[androidx.profileinstaller:profileinstaller:1.3.0] AndroidManifest.xml:47:25-85
147            </intent-filter>
148            <intent-filter>
148-->[androidx.profileinstaller:profileinstaller:1.3.0] AndroidManifest.xml:49:13-51:29
149                <action android:name="androidx.profileinstaller.action.BENCHMARK_OPERATION" />
149-->[androidx.profileinstaller:profileinstaller:1.3.0] AndroidManifest.xml:50:17-95
149-->[androidx.profileinstaller:profileinstaller:1.3.0] AndroidManifest.xml:50:25-92
150            </intent-filter>
151        </receiver>
152    </application>
153
154</manifest>